<?xml version="1.0" encoding="UTF-8"?>
<beans xmlns="http://www.springframework.org/schema/beans"
	xmlns:xsi="http://www.w3.org/2001/XMLSchema-instance"
	xmlns:context="http://www.springframework.org/schema/context"
	xmlns:jdbc="http://www.springframework.org/schema/jdbc"
	xmlns:p="http://www.springframework.org/schema/p"
	xmlns:c="http://www.springframework.org/schema/c"
	xsi:schemaLocation="http://www.springframework.org/schema/jdbc http://www.springframework.org/schema/jdbc/spring-jdbc-4.1.xsd
		http://www.springframework.org/schema/beans http://www.springframework.org/schema/beans/spring-beans.xsd
		http://www.springframework.org/schema/context http://www.springframework.org/schema/context/spring-context-4.1.xsd">


  <bean id="dataSource" class="org.apache.commons.dbcp.BasicDataSource" 
  	p:driverClassName="com.mysql.jdbc.Driver" p:url="jdbc:mysql://localhost/springdb"
  	p:username="root" p:password="root" />
		
	<jdbc:initialize-database data-source="dataSource">
		<jdbc:script location="classpath:dbscripts.sql"/>
	</jdbc:initialize-database>  
	

</beans>
